Determining size of off64_t failed with the following output:
Change Dir: C:/dev/Athena/Sandbox/res/Нова папка/CMakeFiles/CMakeTmp

Run Build Command:"C:/Program Files (x86)/Microsoft Visual Studio/2017/Community/MSBuild/15.0/Bin/MSBuild.exe" "cmTC_923fb.vcxproj" "/p:Configuration=Debug" "/p:Platform=Win32" "/p:VisualStudioVersion=15.0"
Microsoft (R) Build Engine version 15.9.21+g9802d43bc3 for .NET Framework
Copyright (C) Microsoft Corporation. All rights reserved.

Build started 15.05.2019 21:21:15.
Project "C:\dev\Athena\Sandbox\res\Ќ®ў  Ї ЇЄ \CMakeFiles\CMakeTmp\cmTC_923fb.vcxproj" on node 1 (default targets).
PrepareForBuild:
  Creating directory "cmTC_923fb.dir\Debug\".
  Creating directory "C:\dev\Athena\Sandbox\res\Ќ®ў  Ї ЇЄ \CMakeFiles\CMakeTmp\Debug\".
  Creating directory "cmTC_923fb.dir\Debug\cmTC_923fb.tlog\".
InitializeBuildStatus:
  Creating "cmTC_923fb.dir\Debug\cmTC_923fb.tlog\unsuccessfulbuild" because "AlwaysCreate" was specified.
ClCompile:
  C:\Program Files (x86)\Microsoft Visual Studio\2017\Community\VC\Tools\MSVC\14.16.27023\bin\HostX86\x86\CL.exe /c /Zi /W3 /WX- /diagnostics:classic /Od /Ob0 /Oy- /D WIN32 /D _WINDOWS /D _LARGEFILE64_SOURCE=1 /D HAVE_SYS_TYPES_H /D HAVE_STDINT_H /D HAVE_STDDEF_H /D "CMAKE_INTDIR=\"Debug\"" /D _MBCS /Gm- /RTC1 /MDd /GS /fp:precise /Zc:wchar_t /Zc:forScope /Zc:inline /Fo"cmTC_923fb.dir\Debug\\" /Fd"cmTC_923fb.dir\Debug\vc141.pdb" /Gd /TC /analyze- /errorReport:queue "C:\dev\Athena\Sandbox\res\Ќ®ў  Ї ЇЄ \CMakeFiles\CheckTypeSize\OFF64_T.c"
  Microsoft (R) C/C++ Optimizing Compiler Version 19.16.27030.1 for x86
  Copyright (C) Microsoft Corporation.  All rights reserved.
  
  cl /c /Zi /W3 /WX- /diagnostics:classic /Od /Ob0 /Oy- /D WIN32 /D _WINDOWS /D _LARGEFILE64_SOURCE=1 /D HAVE_SYS_TYPES_H /D HAVE_STDINT_H /D HAVE_STDDEF_H /D "CMAKE_INTDIR=\"Debug\"" /D _MBCS /Gm- /RTC1 /MDd /GS /fp:precise /Zc:wchar_t /Zc:forScope /Zc:inline /Fo"cmTC_923fb.dir\Debug\\" /Fd"cmTC_923fb.dir\Debug\vc141.pdb" /Gd /TC /analyze- /errorReport:queue "C:\dev\Athena\Sandbox\res\Ќ®ў  Ї ЇЄ \CMakeFiles\CheckTypeSize\OFF64_T.c"
  OFF64_T.c
  
C:\dev\Athena\Sandbox\res\Ќ®ў  Ї ЇЄ \CMakeFiles\CheckTypeSize\OFF64_T.c(25): error C2065: 'off64_t': undeclared identifier [C:\dev\Athena\Sandbox\res\Ќ®ў  Ї ЇЄ \CMakeFiles\CMakeTmp\cmTC_923fb.vcxproj]
C:\dev\Athena\Sandbox\res\Ќ®ў  Ї ЇЄ \CMakeFiles\CheckTypeSize\OFF64_T.c(26): error C2065: 'off64_t': undeclared identifier [C:\dev\Athena\Sandbox\res\Ќ®ў  Ї ЇЄ \CMakeFiles\CMakeTmp\cmTC_923fb.vcxproj]
C:\dev\Athena\Sandbox\res\Ќ®ў  Ї ЇЄ \CMakeFiles\CheckTypeSize\OFF64_T.c(27): error C2065: 'off64_t': undeclared identifier [C:\dev\Athena\Sandbox\res\Ќ®ў  Ї ЇЄ \CMakeFiles\CMakeTmp\cmTC_923fb.vcxproj]
C:\dev\Athena\Sandbox\res\Ќ®ў  Ї ЇЄ \CMakeFiles\CheckTypeSize\OFF64_T.c(28): error C2065: 'off64_t': undeclared identifier [C:\dev\Athena\Sandbox\res\Ќ®ў  Ї ЇЄ \CMakeFiles\CMakeTmp\cmTC_923fb.vcxproj]
C:\dev\Athena\Sandbox\res\Ќ®ў  Ї ЇЄ \CMakeFiles\CheckTypeSize\OFF64_T.c(29): error C2065: 'off64_t': undeclared identifier [C:\dev\Athena\Sandbox\res\Ќ®ў  Ї ЇЄ \CMakeFiles\CMakeTmp\cmTC_923fb.vcxproj]
Done Building Project "C:\dev\Athena\Sandbox\res\Ќ®ў  Ї ЇЄ \CMakeFiles\CMakeTmp\cmTC_923fb.vcxproj" (default targets) -- FAILED.

Build FAILED.

"C:\dev\Athena\Sandbox\res\Ќ®ў  Ї ЇЄ \CMakeFiles\CMakeTmp\cmTC_923fb.vcxproj" (default target) (1) ->
(ClCompile target) -> 
  C:\dev\Athena\Sandbox\res\Ќ®ў  Ї ЇЄ \CMakeFiles\CheckTypeSize\OFF64_T.c(25): error C2065: 'off64_t': undeclared identifier [C:\dev\Athena\Sandbox\res\Ќ®ў  Ї ЇЄ \CMakeFiles\CMakeTmp\cmTC_923fb.vcxproj]
  C:\dev\Athena\Sandbox\res\Ќ®ў  Ї ЇЄ \CMakeFiles\CheckTypeSize\OFF64_T.c(26): error C2065: 'off64_t': undeclared identifier [C:\dev\Athena\Sandbox\res\Ќ®ў  Ї ЇЄ \CMakeFiles\CMakeTmp\cmTC_923fb.vcxproj]
  C:\dev\Athena\Sandbox\res\Ќ®ў  Ї ЇЄ \CMakeFiles\CheckTypeSize\OFF64_T.c(27): error C2065: 'off64_t': undeclared identifier [C:\dev\Athena\Sandbox\res\Ќ®ў  Ї ЇЄ \CMakeFiles\CMakeTmp\cmTC_923fb.vcxproj]
  C:\dev\Athena\Sandbox\res\Ќ®ў  Ї ЇЄ \CMakeFiles\CheckTypeSize\OFF64_T.c(28): error C2065: 'off64_t': undeclared identifier [C:\dev\Athena\Sandbox\res\Ќ®ў  Ї ЇЄ \CMakeFiles\CMakeTmp\cmTC_923fb.vcxproj]
  C:\dev\Athena\Sandbox\res\Ќ®ў  Ї ЇЄ \CMakeFiles\CheckTypeSize\OFF64_T.c(29): error C2065: 'off64_t': undeclared identifier [C:\dev\Athena\Sandbox\res\Ќ®ў  Ї ЇЄ \CMakeFiles\CMakeTmp\cmTC_923fb.vcxproj]

    0 Warning(s)
    5 Error(s)

Time Elapsed 00:00:00.40

C:/dev/Athena/Sandbox/res/Нова папка/CMakeFiles/CheckTypeSize/OFF64_T.c:
#include <sys/types.h>
#include <stdint.h>
#include <stddef.h>


#undef KEY
#if defined(__i386)
# define KEY '_','_','i','3','8','6'
#elif defined(__x86_64)
# define KEY '_','_','x','8','6','_','6','4'
#elif defined(__ppc__)
# define KEY '_','_','p','p','c','_','_'
#elif defined(__ppc64__)
# define KEY '_','_','p','p','c','6','4','_','_'
#elif defined(__aarch64__)
# define KEY '_','_','a','a','r','c','h','6','4','_','_'
#elif defined(__ARM_ARCH_7A__)
# define KEY '_','_','A','R','M','_','A','R','C','H','_','7','A','_','_'
#elif defined(__ARM_ARCH_7S__)
# define KEY '_','_','A','R','M','_','A','R','C','H','_','7','S','_','_'
#endif

#define SIZE (sizeof(off64_t))
char info_size[] =  {'I', 'N', 'F', 'O', ':', 's','i','z','e','[',
  ('0' + ((SIZE / 10000)%10)),
  ('0' + ((SIZE / 1000)%10)),
  ('0' + ((SIZE / 100)%10)),
  ('0' + ((SIZE / 10)%10)),
  ('0' +  (SIZE    % 10)),
  ']',
#ifdef KEY
  ' ','k','e','y','[', KEY, ']',
#endif
  '\0'};

#ifdef __CLASSIC_C__
int main(argc, argv) int argc; char *argv[];
#else
int main(int argc, char *argv[])
#endif
{
  int require = 0;
  require += info_size[argc];
  (void)argv;
  return require;
}


Determining if the function fseeko exists failed with the following output:
Change Dir: C:/dev/Athena/Sandbox/res/Нова папка/CMakeFiles/CMakeTmp

Run Build Command:"C:/Program Files (x86)/Microsoft Visual Studio/2017/Community/MSBuild/15.0/Bin/MSBuild.exe" "cmTC_3f221.vcxproj" "/p:Configuration=Debug" "/p:Platform=Win32" "/p:VisualStudioVersion=15.0"
Microsoft (R) Build Engine version 15.9.21+g9802d43bc3 for .NET Framework
Copyright (C) Microsoft Corporation. All rights reserved.

Build started 15.05.2019 21:21:16.
Project "C:\dev\Athena\Sandbox\res\Ќ®ў  Ї ЇЄ \CMakeFiles\CMakeTmp\cmTC_3f221.vcxproj" on node 1 (default targets).
PrepareForBuild:
  Creating directory "cmTC_3f221.dir\Debug\".
  Creating directory "C:\dev\Athena\Sandbox\res\Ќ®ў  Ї ЇЄ \CMakeFiles\CMakeTmp\Debug\".
  Creating directory "cmTC_3f221.dir\Debug\cmTC_3f221.tlog\".
InitializeBuildStatus:
  Creating "cmTC_3f221.dir\Debug\cmTC_3f221.tlog\unsuccessfulbuild" because "AlwaysCreate" was specified.
ClCompile:
  C:\Program Files (x86)\Microsoft Visual Studio\2017\Community\VC\Tools\MSVC\14.16.27023\bin\HostX86\x86\CL.exe /c /Zi /W3 /WX- /diagnostics:classic /Od /Ob0 /Oy- /D WIN32 /D _WINDOWS /D CHECK_FUNCTION_EXISTS=fseeko /D "CMAKE_INTDIR=\"Debug\"" /D _MBCS /Gm- /RTC1 /MDd /GS /fp:precise /Zc:wchar_t /Zc:forScope /Zc:inline /Fo"cmTC_3f221.dir\Debug\\" /Fd"cmTC_3f221.dir\Debug\vc141.pdb" /Gd /TC /analyze- /errorReport:queue "C:\Program Files\CMake\share\cmake-3.13\Modules\CheckFunctionExists.c"
  Microsoft (R) C/C++ Optimizing Compiler Version 19.16.27030.1 for x86
  Copyright (C) Microsoft Corporation.  All rights reserved.
  
  cl /c /Zi /W3 /WX- /diagnostics:classic /Od /Ob0 /Oy- /D WIN32 /D _WINDOWS /D CHECK_FUNCTION_EXISTS=fseeko /D "CMAKE_INTDIR=\"Debug\"" /D _MBCS /Gm- /RTC1 /MDd /GS /fp:precise /Zc:wchar_t /Zc:forScope /Zc:inline /Fo"cmTC_3f221.dir\Debug\\" /Fd"cmTC_3f221.dir\Debug\vc141.pdb" /Gd /TC /analyze- /errorReport:queue "C:\Program Files\CMake\share\cmake-3.13\Modules\CheckFunctionExists.c"
  CheckFunctionExists.c
  
Link:
  C:\Program Files (x86)\Microsoft Visual Studio\2017\Community\VC\Tools\MSVC\14.16.27023\bin\HostX86\x86\link.exe /ERRORREPORT:QUEUE /OUT:"C:\dev\Athena\Sandbox\res\Ќ®ў  Ї ЇЄ \CMakeFiles\CMakeTmp\Debug\cmTC_3f221.exe" /INCREMENTAL /NOLOGO kernel32.lib user32.lib gdi32.lib winspool.lib shell32.lib ole32.lib oleaut32.lib uuid.lib comdlg32.lib advapi32.lib /MANIFEST /MANIFESTUAC:"level='asInvoker' uiAccess='false'" /manifest:embed /DEBUG /PDB:"C:/dev/Athena/Sandbox/res/Ќ®ў  Ї ЇЄ /CMakeFiles/CMakeTmp/Debug/cmTC_3f221.pdb" /SUBSYSTEM:CONSOLE /TLBID:1 /DYNAMICBASE /NXCOMPAT /IMPLIB:"C:/dev/Athena/Sandbox/res/Ќ®ў  Ї ЇЄ /CMakeFiles/CMakeTmp/Debug/cmTC_3f221.lib" /MACHINE:X86 /SAFESEH  /machine:X86 cmTC_3f221.dir\Debug\CheckFunctionExists.obj
CheckFunctionExists.obj : error LNK2019: unresolved external symbol _fseeko referenced in function _main [C:\dev\Athena\Sandbox\res\Ќ®ў  Ї ЇЄ \CMakeFiles\CMakeTmp\cmTC_3f221.vcxproj]
C:\dev\Athena\Sandbox\res\Нова папка\CMakeFiles\CMakeTmp\Debug\cmTC_3f221.exe : fatal error LNK1120: 1 unresolved externals [C:\dev\Athena\Sandbox\res\Ќ®ў  Ї ЇЄ \CMakeFiles\CMakeTmp\cmTC_3f221.vcxproj]
Done Building Project "C:\dev\Athena\Sandbox\res\Ќ®ў  Ї ЇЄ \CMakeFiles\CMakeTmp\cmTC_3f221.vcxproj" (default targets) -- FAILED.

Build FAILED.

"C:\dev\Athena\Sandbox\res\Ќ®ў  Ї ЇЄ \CMakeFiles\CMakeTmp\cmTC_3f221.vcxproj" (default target) (1) ->
(Link target) -> 
  CheckFunctionExists.obj : error LNK2019: unresolved external symbol _fseeko referenced in function _main [C:\dev\Athena\Sandbox\res\Ќ®ў  Ї ЇЄ \CMakeFiles\CMakeTmp\cmTC_3f221.vcxproj]
  C:\dev\Athena\Sandbox\res\Нова папка\CMakeFiles\CMakeTmp\Debug\cmTC_3f221.exe : fatal error LNK1120: 1 unresolved externals [C:\dev\Athena\Sandbox\res\Ќ®ў  Ї ЇЄ \CMakeFiles\CMakeTmp\cmTC_3f221.vcxproj]

    0 Warning(s)
    2 Error(s)

Time Elapsed 00:00:00.69


Determining if the include file unistd.h exists failed with the following output:
Change Dir: C:/dev/Athena/Sandbox/res/Нова папка/CMakeFiles/CMakeTmp

Run Build Command:"C:/Program Files (x86)/Microsoft Visual Studio/2017/Community/MSBuild/15.0/Bin/MSBuild.exe" "cmTC_ae690.vcxproj" "/p:Configuration=Debug" "/p:Platform=Win32" "/p:VisualStudioVersion=15.0"
Microsoft (R) Build Engine version 15.9.21+g9802d43bc3 for .NET Framework
Copyright (C) Microsoft Corporation. All rights reserved.

Build started 15.05.2019 21:21:17.
Project "C:\dev\Athena\Sandbox\res\Ќ®ў  Ї ЇЄ \CMakeFiles\CMakeTmp\cmTC_ae690.vcxproj" on node 1 (default targets).
PrepareForBuild:
  Creating directory "cmTC_ae690.dir\Debug\".
  Creating directory "C:\dev\Athena\Sandbox\res\Ќ®ў  Ї ЇЄ \CMakeFiles\CMakeTmp\Debug\".
  Creating directory "cmTC_ae690.dir\Debug\cmTC_ae690.tlog\".
InitializeBuildStatus:
  Creating "cmTC_ae690.dir\Debug\cmTC_ae690.tlog\unsuccessfulbuild" because "AlwaysCreate" was specified.
ClCompile:
  C:\Program Files (x86)\Microsoft Visual Studio\2017\Community\VC\Tools\MSVC\14.16.27023\bin\HostX86\x86\CL.exe /c /Zi /W3 /WX- /diagnostics:classic /Od /Ob0 /Oy- /D WIN32 /D _WINDOWS /D "CMAKE_INTDIR=\"Debug\"" /D _MBCS /Gm- /RTC1 /MDd /GS /fp:precise /Zc:wchar_t /Zc:forScope /Zc:inline /Fo"cmTC_ae690.dir\Debug\\" /Fd"cmTC_ae690.dir\Debug\vc141.pdb" /Gd /TC /analyze- /errorReport:queue "C:\dev\Athena\Sandbox\res\Ќ®ў  Ї ЇЄ \CMakeFiles\CMakeTmp\CheckIncludeFile.c"
  Microsoft (R) C/C++ Optimizing Compiler Version 19.16.27030.1 for x86
  Copyright (C) Microsoft Corporation.  All rights reserved.
  
  cl /c /Zi /W3 /WX- /diagnostics:classic /Od /Ob0 /Oy- /D WIN32 /D _WINDOWS /D "CMAKE_INTDIR=\"Debug\"" /D _MBCS /Gm- /RTC1 /MDd /GS /fp:precise /Zc:wchar_t /Zc:forScope /Zc:inline /Fo"cmTC_ae690.dir\Debug\\" /Fd"cmTC_ae690.dir\Debug\vc141.pdb" /Gd /TC /analyze- /errorReport:queue "C:\dev\Athena\Sandbox\res\Ќ®ў  Ї ЇЄ \CMakeFiles\CMakeTmp\CheckIncludeFile.c"
  CheckIncludeFile.c
  
C:\dev\Athena\Sandbox\res\Ќ®ў  Ї ЇЄ \CMakeFiles\CMakeTmp\CheckIncludeFile.c(1): fatal error C1083: Cannot open include file: 'unistd.h': No such file or directory [C:\dev\Athena\Sandbox\res\Ќ®ў  Ї ЇЄ \CMakeFiles\CMakeTmp\cmTC_ae690.vcxproj]
Done Building Project "C:\dev\Athena\Sandbox\res\Ќ®ў  Ї ЇЄ \CMakeFiles\CMakeTmp\cmTC_ae690.vcxproj" (default targets) -- FAILED.

Build FAILED.

"C:\dev\Athena\Sandbox\res\Ќ®ў  Ї ЇЄ \CMakeFiles\CMakeTmp\cmTC_ae690.vcxproj" (default target) (1) ->
(ClCompile target) -> 
  C:\dev\Athena\Sandbox\res\Ќ®ў  Ї ЇЄ \CMakeFiles\CMakeTmp\CheckIncludeFile.c(1): fatal error C1083: Cannot open include file: 'unistd.h': No such file or directory [C:\dev\Athena\Sandbox\res\Ќ®ў  Ї ЇЄ \CMakeFiles\CMakeTmp\cmTC_ae690.vcxproj]

    0 Warning(s)
    1 Error(s)

Time Elapsed 00:00:00.42


Determining if the include file pthread.h exists failed with the following output:
Change Dir: C:/dev/Athena/Sandbox/res/Нова папка/CMakeFiles/CMakeTmp

Run Build Command:"C:/Program Files (x86)/Microsoft Visual Studio/2017/Community/MSBuild/15.0/Bin/MSBuild.exe" "cmTC_a82c9.vcxproj" "/p:Configuration=Debug" "/p:Platform=Win32" "/p:VisualStudioVersion=15.0"
Microsoft (R) Build Engine version 15.9.21+g9802d43bc3 for .NET Framework
Copyright (C) Microsoft Corporation. All rights reserved.

Build started 15.05.2019 21:21:18.
Project "C:\dev\Athena\Sandbox\res\Ќ®ў  Ї ЇЄ \CMakeFiles\CMakeTmp\cmTC_a82c9.vcxproj" on node 1 (default targets).
PrepareForBuild:
  Creating directory "cmTC_a82c9.dir\Debug\".
  Creating directory "C:\dev\Athena\Sandbox\res\Ќ®ў  Ї ЇЄ \CMakeFiles\CMakeTmp\Debug\".
  Creating directory "cmTC_a82c9.dir\Debug\cmTC_a82c9.tlog\".
InitializeBuildStatus:
  Creating "cmTC_a82c9.dir\Debug\cmTC_a82c9.tlog\unsuccessfulbuild" because "AlwaysCreate" was specified.
ClCompile:
  C:\Program Files (x86)\Microsoft Visual Studio\2017\Community\VC\Tools\MSVC\14.16.27023\bin\HostX86\x86\CL.exe /c /Zi /W3 /WX- /diagnostics:classic /Od /Ob0 /Oy- /D WIN32 /D _WINDOWS /D "CMAKE_INTDIR=\"Debug\"" /D _MBCS /Gm- /RTC1 /MDd /GS /fp:precise /Zc:wchar_t /Zc:forScope /Zc:inline /Fo"cmTC_a82c9.dir\Debug\\" /Fd"cmTC_a82c9.dir\Debug\vc141.pdb" /Gd /TC /analyze- /errorReport:queue "C:\dev\Athena\Sandbox\res\Ќ®ў  Ї ЇЄ \CMakeFiles\CMakeTmp\CheckIncludeFile.c"
  Microsoft (R) C/C++ Optimizing Compiler Version 19.16.27030.1 for x86
  Copyright (C) Microsoft Corporation.  All rights reserved.
  
  cl /c /Zi /W3 /WX- /diagnostics:classic /Od /Ob0 /Oy- /D WIN32 /D _WINDOWS /D "CMAKE_INTDIR=\"Debug\"" /D _MBCS /Gm- /RTC1 /MDd /GS /fp:precise /Zc:wchar_t /Zc:forScope /Zc:inline /Fo"cmTC_a82c9.dir\Debug\\" /Fd"cmTC_a82c9.dir\Debug\vc141.pdb" /Gd /TC /analyze- /errorReport:queue "C:\dev\Athena\Sandbox\res\Ќ®ў  Ї ЇЄ \CMakeFiles\CMakeTmp\CheckIncludeFile.c"
  CheckIncludeFile.c
  
C:\dev\Athena\Sandbox\res\Ќ®ў  Ї ЇЄ \CMakeFiles\CMakeTmp\CheckIncludeFile.c(1): fatal error C1083: Cannot open include file: 'pthread.h': No such file or directory [C:\dev\Athena\Sandbox\res\Ќ®ў  Ї ЇЄ \CMakeFiles\CMakeTmp\cmTC_a82c9.vcxproj]
Done Building Project "C:\dev\Athena\Sandbox\res\Ќ®ў  Ї ЇЄ \CMakeFiles\CMakeTmp\cmTC_a82c9.vcxproj" (default targets) -- FAILED.

Build FAILED.

"C:\dev\Athena\Sandbox\res\Ќ®ў  Ї ЇЄ \CMakeFiles\CMakeTmp\cmTC_a82c9.vcxproj" (default target) (1) ->
(ClCompile target) -> 
  C:\dev\Athena\Sandbox\res\Ќ®ў  Ї ЇЄ \CMakeFiles\CMakeTmp\CheckIncludeFile.c(1): fatal error C1083: Cannot open include file: 'pthread.h': No such file or directory [C:\dev\Athena\Sandbox\res\Ќ®ў  Ї ЇЄ \CMakeFiles\CMakeTmp\cmTC_a82c9.vcxproj]

    0 Warning(s)
    1 Error(s)

Time Elapsed 00:00:00.44


